# JRE version: Java(TM) SE Runtime Environment (8.0_191-b12) (build 1.8.0_191-b12)
# Java VM: Java HotSpot(TM) 64-Bit Server VM (25.191-b12 mixed mode linux-amd64 compressed oops)
Heap:
 PSYoungGen      total 241664K, used 12279K [0x00000000d7b00000, 0x00000000e8300000, 0x0000000100000000)
  eden space 229376K, 0% used [0x00000000d7b00000,0x00000000d7b00000,0x00000000e5b00000)
  from space 12288K, 99% used [0x00000000e6b00000,0x00000000e76fdd98,0x00000000e7700000)
  to   space 10240K, 0% used [0x00000000e7900000,0x00000000e7900000,0x00000000e8300000)
 ParOldGen       total 46080K, used 13105K [0x0000000087000000, 0x0000000089d00000, 0x00000000d7b00000)
  object space 46080K, 28% used [0x0000000087000000,0x0000000087ccc4b0,0x0000000089d00000)
 Metaspace       used 33518K, capacity 35030K, committed 35328K, reserved 1079296K
  class space    used 4318K, capacity 4581K, committed 4608K, reserved 1048576K
GC Heap History (10 events):
Event: 1,866 GC heap after
Heap after GC invocations=3 (full 0):
 PSYoungGen      total 67584K, used 5116K [0x00000000d7b00000, 0x00000000dff00000, 0x0000000100000000)
  eden space 62464K, 0% used [0x00000000d7b00000,0x00000000d7b00000,0x00000000db800000)
  from space 5120K, 99% used [0x00000000db800000,0x00000000dbcff388,0x00000000dbd00000)
  to   space 5120K, 0% used [0x00000000dfa00000,0x00000000dfa00000,0x00000000dff00000)
 ParOldGen       total 83456K, used 1687K [0x0000000087000000, 0x000000008c180000, 0x00000000d7b00000)
  object space 83456K, 2% used [0x0000000087000000,0x00000000871a5ca8,0x000000008c180000)
 Metaspace       used 13910K, capacity 14384K, committed 14592K, reserved 1062912K
  class space    used 1816K, capacity 1951K, committed 2048K, reserved 1048576K
}
Event: 2,624 GC heap before
{Heap before GC invocations=4 (full 0):
 PSYoungGen      total 67584K, used 67580K [0x00000000d7b00000, 0x00000000dff00000, 0x0000000100000000)
  eden space 62464K, 100% used [0x00000000d7b00000,0x00000000db800000,0x00000000db800000)
  from space 5120K, 99% used [0x00000000db800000,0x00000000dbcff388,0x00000000dbd00000)
  to   space 5120K, 0% used [0x00000000dfa00000,0x00000000dfa00000,0x00000000dff00000)
 ParOldGen       total 83456K, used 1687K [0x0000000087000000, 0x000000008c180000, 0x00000000d7b00000)
  object space 83456K, 2% used [0x0000000087000000,0x00000000871a5ca8,0x000000008c180000)
 Metaspace       used 20308K, capacity 20968K, committed 21248K, reserved 1067008K
  class space    used 2595K, capacity 2771K, committed 2816K, reserved 1048576K
Event: 2,640 GC heap after
Heap after GC invocations=4 (full 0):
 PSYoungGen      total 130048K, used 5106K [0x00000000d7b00000, 0x00000000dff00000, 0x0000000100000000)
  eden space 124928K, 0% used [0x00000000d7b00000,0x00000000d7b00000,0x00000000df500000)
  from space 5120K, 99% used [0x00000000dfa00000,0x00000000dfefcba0,0x00000000dff00000)
  to   space 5120K, 0% used [0x00000000df500000,0x00000000df500000,0x00000000dfa00000)
 ParOldGen       total 83456K, used 6786K [0x0000000087000000, 0x000000008c180000, 0x00000000d7b00000)
  object space 83456K, 8% used [0x0000000087000000,0x00000000876a0ad8,0x000000008c180000)
 Metaspace       used 20308K, capacity 20968K, committed 21248K, reserved 1067008K
  class space    used 2595K, capacity 2771K, committed 2816K, reserved 1048576K
}
Event: 2,673 GC heap before
{Heap before GC invocations=5 (full 0):
 PSYoungGen      total 130048K, used 9971K [0x00000000d7b00000, 0x00000000dff00000, 0x0000000100000000)
  eden space 124928K, 3% used [0x00000000d7b00000,0x00000000d7fc0150,0x00000000df500000)
  from space 5120K, 99% used [0x00000000dfa00000,0x00000000dfefcba0,0x00000000dff00000)
  to   space 5120K, 0% used [0x00000000df500000,0x00000000df500000,0x00000000dfa00000)
 ParOldGen       total 83456K, used 6786K [0x0000000087000000, 0x000000008c180000, 0x00000000d7b00000)
  object space 83456K, 8% used [0x0000000087000000,0x00000000876a0ad8,0x000000008c180000)
 Metaspace       used 20555K, capacity 21128K, committed 21248K, reserved 1067008K
  class space    used 2635K, capacity 2803K, committed 2816K, reserved 1048576K
Event: 2,699 GC heap after
Heap after GC invocations=5 (full 0):
 PSYoungGen      total 130048K, used 5088K [0x00000000d7b00000, 0x00000000e8300000, 0x0000000100000000)
  eden space 124928K, 0% used [0x00000000d7b00000,0x00000000d7b00000,0x00000000df500000)
  from space 5120K, 99% used [0x00000000df500000,0x00000000df9f8020,0x00000000dfa00000)
  to   space 10240K, 0% used [0x00000000e7900000,0x00000000e7900000,0x00000000e8300000)
 ParOldGen       total 83456K, used 6901K [0x0000000087000000, 0x000000008c180000, 0x00000000d7b00000)
  object space 83456K, 8% used [0x0000000087000000,0x00000000876bd6d0,0x000000008c180000)
 Metaspace       used 20555K, capacity 21128K, committed 21248K, reserved 1067008K
  class space    used 2635K, capacity 2803K, committed 2816K, reserved 1048576K
}
Event: 2,699 GC heap before
{Heap before GC invocations=6 (full 1):
 PSYoungGen      total 130048K, used 5088K [0x00000000d7b00000, 0x00000000e8300000, 0x0000000100000000)
  eden space 124928K, 0% used [0x00000000d7b00000,0x00000000d7b00000,0x00000000df500000)
  from space 5120K, 99% used [0x00000000df500000,0x00000000df9f8020,0x00000000dfa00000)
  to   space 10240K, 0% used [0x00000000e7900000,0x00000000e7900000,0x00000000e8300000)
 ParOldGen       total 83456K, used 6901K [0x0000000087000000, 0x000000008c180000, 0x00000000d7b00000)
  object space 83456K, 8% used [0x0000000087000000,0x00000000876bd6d0,0x000000008c180000)
 Metaspace       used 20555K, capacity 21128K, committed 21248K, reserved 1067008K
  class space    used 2635K, capacity 2803K, committed 2816K, reserved 1048576K
Event: 2,752 GC heap after
Heap after GC invocations=6 (full 1):
 PSYoungGen      total 130048K, used 0K [0x00000000d7b00000, 0x00000000e8300000, 0x0000000100000000)
  eden space 124928K, 0% used [0x00000000d7b00000,0x00000000d7b00000,0x00000000df500000)
  from space 5120K, 0% used [0x00000000df500000,0x00000000df500000,0x00000000dfa00000)
  to   space 10240K, 0% used [0x00000000e7900000,0x00000000e7900000,0x00000000e8300000)
 ParOldGen       total 46080K, used 5082K [0x0000000087000000, 0x0000000089d00000, 0x00000000d7b00000)
  object space 46080K, 11% used [0x0000000087000000,0x00000000874f6970,0x0000000089d00000)
 Metaspace       used 20553K, capacity 21122K, committed 21248K, reserved 1067008K
  class space    used 2635K, capacity 2802K, committed 2816K, reserved 1048576K
}
Event: 4,557 GC heap before
{Heap before GC invocations=7 (full 1):
 PSYoungGen      total 130048K, used 124928K [0x00000000d7b00000, 0x00000000e8300000, 0x0000000100000000)
  eden space 124928K, 100% used [0x00000000d7b00000,0x00000000df500000,0x00000000df500000)
  from space 5120K, 0% used [0x00000000df500000,0x00000000df500000,0x00000000dfa00000)
  to   space 10240K, 0% used [0x00000000e7900000,0x00000000e7900000,0x00000000e8300000)
 ParOldGen       total 46080K, used 5082K [0x0000000087000000, 0x0000000089d00000, 0x00000000d7b00000)
  object space 46080K, 11% used [0x0000000087000000,0x00000000874f6970,0x0000000089d00000)
 Metaspace       used 25236K, capacity 25956K, committed 26240K, reserved 1073152K
  class space    used 3237K, capacity 3413K, committed 3456K, reserved 1048576K
Event: 4,581 GC heap after
Heap after GC invocations=7 (full 1):
 PSYoungGen      total 239616K, used 10179K [0x00000000d7b00000, 0x00000000e8300000, 0x0000000100000000)
  eden space 229376K, 0% used [0x00000000d7b00000,0x00000000d7b00000,0x00000000e5b00000)
  from space 10240K, 99% used [0x00000000e7900000,0x00000000e82f0e48,0x00000000e8300000)
  to   space 12288K, 0% used [0x00000000e6b00000,0x00000000e6b00000,0x00000000e7700000)
 ParOldGen       total 46080K, used 5090K [0x0000000087000000, 0x0000000089d00000, 0x00000000d7b00000)
  object space 46080K, 11% used [0x0000000087000000,0x00000000874f8970,0x0000000089d00000)
 Metaspace       used 25236K, capacity 25956K, committed 26240K, reserved 1073152K
  class space    used 3237K, capacity 3413K, committed 3456K, reserved 1048576K
}
Event: 7,659 GC heap before
{Heap before GC invocations=8 (full 1):
 PSYoungGen      total 239616K, used 239555K [0x00000000d7b00000, 0x00000000e8300000, 0x0000000100000000)
  eden space 229376K, 100% used [0x00000000d7b00000,0x00000000e5b00000,0x00000000e5b00000)
  from space 10240K, 99% used [0x00000000e7900000,0x00000000e82f0e48,0x00000000e8300000)
  to   space 12288K, 0% used [0x00000000e6b00000,0x00000000e6b00000,0x00000000e7700000)
 ParOldGen       total 46080K, used 5090K [0x0000000087000000, 0x0000000089d00000, 0x00000000d7b00000)
  object space 46080K, 11% used [0x0000000087000000,0x00000000874f8970,0x0000000089d00000)
 Metaspace       used 33518K, capacity 35030K, committed 35328K, reserved 1079296K
  class space    used 4318K, capacity 4581K, committed 4608K, reserved 1048576K

